<?xml version="1.0" encoding="UTF-8"?>
<!-- Generated by org.testng.reporters.JUnitXMLReporter -->
<testsuite ignored="0" hostname="Anuj" failures="0" tests="4" name="Login Page Test" time="35.936" errors="0" timestamp="2024-03-17T20:10:31 IST">
  <testcase classname="base.baseClass" name="@BeforeClass setup" time="35.837">
    <failure type="org.openqa.selenium.SessionNotCreatedException" message="Could not start a new session. Response code 500. Message: An unknown server-side error occurred while processing the command. Original error: Error executing adbExec. Original error: &amp;apos;Command &amp;apos;C:\\Users\\anujr\\AppData\\Local\\Android\\Sdk\\platform-tools\\adb.exe -P 5037 -s emulator-5554 shell &amp;apos;settings delete global hidden_api_policy_pre_p_apps;settings delete global hidden_api_policy_p_apps;settings delete global hidden_api_policy&amp;apos;&amp;apos; exited with code 20&amp;apos;; Command output: cmd: Can&amp;apos;t find service: settings
cmd: Can&amp;apos;t find service: settings
cmd: Can&amp;apos;t find service: settings
 
Host info: host: &amp;apos;ANUJ&amp;apos;, ip: &amp;apos;192.168.27.251&amp;apos;
Build info: version: &amp;apos;4.9.0&amp;apos;, revision: &amp;apos;d7057100a6&amp;apos;
System info: os.name: &amp;apos;Windows 11&amp;apos;, os.arch: &amp;apos;amd64&amp;apos;, os.version: &amp;apos;10.0&amp;apos;, java.version: &amp;apos;17.0.8&amp;apos;
Driver info: io.appium.java_client.android.AndroidDriver
Command: [null, newSession {capabilities=[{appium:deviceName=emulator-5554, appium:newCommandTimeout=100000, appium:noReset=true, platformName=ANDROID}], desiredCapabilities=Capabilities {deviceName: emulator-5554, newCommandTimeout: 100000, noReset: true, platformName: ANDROID}}]
Capabilities {deviceName: emulator-5554, newCommandTimeout: 100000, noReset: true, platformName: ANDROID}">
      <![CDATA[org.openqa.selenium.SessionNotCreatedException: Could not start a new session. Response code 500. Message: An unknown server-side error occurred while processing the command. Original error: Error executing adbExec. Original error: 'Command 'C:\\Users\\anujr\\AppData\\Local\\Android\\Sdk\\platform-tools\\adb.exe -P 5037 -s emulator-5554 shell 'settings delete global hidden_api_policy_pre_p_apps;settings delete global hidden_api_policy_p_apps;settings delete global hidden_api_policy'' exited with code 20'; Command output: cmd: Can't find service: settings
cmd: Can't find service: settings
cmd: Can't find service: settings
 
Host info: host: 'ANUJ', ip: '192.168.27.251'
Build info: version: '4.9.0', revision: 'd7057100a6'
System info: os.name: 'Windows 11', os.arch: 'amd64', os.version: '10.0', java.version: '17.0.8'
Driver info: io.appium.java_client.android.AndroidDriver
Command: [null, newSession {capabilities=[{appium:deviceName=emulator-5554, appium:newCommandTimeout=100000, appium:noReset=true, platformName=ANDROID}], desiredCapabilities=Capabilities {deviceName: emulator-5554, newCommandTimeout: 100000, noReset: true, platformName: ANDROID}}]
Capabilities {deviceName: emulator-5554, newCommandTimeout: 100000, noReset: true, platformName: ANDROID}
at org.openqa.selenium.remote.ProtocolHandshake.createSession(ProtocolHandshake.java:136)
at io.appium.java_client.remote.AppiumProtocolHandshake.createSession(AppiumProtocolHandshake.java:133)
at io.appium.java_client.remote.AppiumProtocolHandshake.createSession(AppiumProtocolHandshake.java:102)
at io.appium.java_client.remote.AppiumCommandExecutor.createSession(AppiumCommandExecutor.java:182)
at io.appium.java_client.remote.AppiumCommandExecutor.execute(AppiumCommandExecutor.java:250)
at org.openqa.selenium.remote.RemoteWebDriver.execute(RemoteWebDriver.java:543)
at io.appium.java_client.AppiumDriver.startSession(AppiumDriver.java:274)
at org.openqa.selenium.remote.RemoteWebDriver.<init>(RemoteWebDriver.java:157)
at io.appium.java_client.AppiumDriver.<init>(AppiumDriver.java:89)
at io.appium.java_client.AppiumDriver.<init>(AppiumDriver.java:101)
at io.appium.java_client.android.AndroidDriver.<init>(AndroidDriver.java:113)
at base.baseClass.LaunchAppiumServer(baseClass.java:72)
at base.baseClass.setup(baseClass.java:52)
at java.base/java.util.ArrayList.forEach(ArrayList.java:1511)
... Removed 33 stack frames]]>
    </failure>
  </testcase> <!-- @BeforeClass setup -->
  <testcase classname="base.baseClass" name="@AfterClass tearDown" time="-1.710686430888E9">
    <skipped/>
  </testcase> <!-- @AfterClass tearDown -->
  <testcase classname="testz.loginTest" name="verifyWifiScan" time="0.0">
    <skipped/>
  </testcase> <!-- verifyWifiScan -->
  <testcase classname="testz.loginTest" name="verifyAntivirusScan" time="0.0">
    <skipped/>
  </testcase> <!-- verifyAntivirusScan -->
  <testcase classname="testz.loginTest" name="verifyIncorrectLogin" time="0.0">
    <skipped/>
  </testcase> <!-- verifyIncorrectLogin -->
  <testcase classname="testz.loginTest" name="verifyFailure" time="0.0">
    <skipped/>
  </testcase> <!-- verifyFailure -->
</testsuite> <!-- Login Page Test -->
